0 info it worked if it ends with ok
1 verbose cli [ 'C:\\Program Files\\nodejs\\node.exe',
1 verbose cli   'C:\\Program Files\\nodejs\\node_modules\\npm\\bin\\npm-cli.js',
1 verbose cli   'run',
1 verbose cli   'coveralls' ]
2 info using npm@3.10.10
3 info using node@v6.10.3
4 verbose run-script [ 'precoveralls', 'coveralls', 'postcoveralls' ]
5 info lifecycle language_practice_platform@0.3.0~precoveralls: language_practice_platform@0.3.0
6 silly lifecycle language_practice_platform@0.3.0~precoveralls: no script for precoveralls, continuing
7 info lifecycle language_practice_platform@0.3.0~coveralls: language_practice_platform@0.3.0
8 verbose lifecycle language_practice_platform@0.3.0~coveralls: unsafe-perm in lifecycle true
9 verbose lifecycle language_practice_platform@0.3.0~coveralls: PATH: C:\Program Files\nodejs\node_modules\npm\bin\node-gyp-bin;C:\Users\Martin\Documents\GitHub\practice-as-a-service\node_modules\.bin;C:\ProgramData\Oracle\Java\javapath;C:\Program Files (x86)\HP SimplePass 2011\;C:\Program Files (x86)\HP SimplePass 2011\x64;C:\Program Files\Common Files\Microsoft Shared\Windows Live;C:\Program Files (x86)\Common Files\Microsoft Shared\Windows Live;C:\WINDOWS\system32;C:\WINDOWS;C:\WINDOWS\System32\Wbem;C:\WINDOWS\System32\WindowsPowerShell\v1.0\;C:\Program Files (x86)\Windows Live\Shared;C:\Program Files (x86)\ATI Technologies\ATI.ACE\Core-Static;C:\Program Files\Broadcom\Broadcom 802.11\Driver;C:\Program Files\WIDCOMM\Bluetooth Software\;C:\Program Files\WIDCOMM\Bluetooth Software\syswow64;C:\Program Files (x86)\QuickTime\QTSystem\;C:\Program Files\Microsoft SQL Server\110\Tools\Binn\;C:\Program Files\MATLAB\R2016a\runtime\win64;C:\Program Files\MATLAB\R2016a\bin;C:\WINDOWS\system32\config\systemprofile\.dnx\bin;C:\Program Files\Microsoft DNX\Dnvm\;C:\Program Files (x86)\GtkSharp\2.12\bin;C:\Program Files (x86)\Windows Kits\8.1\Windows Performance Toolkit\;C:\Program Files\Java\jdk1.7.0_79\bin;C:\Program Files\Apache Software Foundation\apache-maven-3.3.9\bin;C:\Program Files (x86)\GNU\GnuPG\pub;C:\Program Files\MATLAB\R2016a\polyspace\bin;C:\Program Files (x86)\Heroku\bin;C:\Program Files (x86)\Skype\Phone\;C:\Program Files\Java\jdk1.8.0_121\bin;C:\Program Files\nodejs\;C:\Python\Scripts\;C:\Python\;C:\Users\Martin\AppData\Roaming\Dashlane\4.6.1.18109\bin\Firefox_Extension\{442718d9-475e-452a-b3e1-fb1ee16b8e9f}\components;C:\Users\Martin\AppData\Roaming\Dashlane\4.6.2.19264\bin\Firefox_Extension\{442718d9-475e-452a-b3e1-fb1ee16b8e9f}\components;C:\Users\Martin\AppData\Local\Microsoft\WindowsApps;C:\Program Files\Git\bin\git.exe;C:\Program Files\Git\cmd;C:\Users\Martin\AppData\Roaming\npm
10 verbose lifecycle language_practice_platform@0.3.0~coveralls: CWD: C:\Users\Martin\Documents\GitHub\practice-as-a-service
11 silly lifecycle language_practice_platform@0.3.0~coveralls: Args: [ '/d /s /c',
11 silly lifecycle   'type ./coverage/lcov.info | ./node_modules/.bin/coveralls' ]
12 silly lifecycle language_practice_platform@0.3.0~coveralls: Returned: code: 255  signal: null
13 info lifecycle language_practice_platform@0.3.0~coveralls: Failed to exec coveralls script
14 verbose stack Error: language_practice_platform@0.3.0 coveralls: `type ./coverage/lcov.info | ./node_modules/.bin/coveralls`
14 verbose stack Exit status 255
14 verbose stack     at EventEmitter.<anonymous> (C:\Program Files\nodejs\node_modules\npm\lib\utils\lifecycle.js:255:16)
14 verbose stack     at emitTwo (events.js:106:13)
14 verbose stack     at EventEmitter.emit (events.js:191:7)
14 verbose stack     at ChildProcess.<anonymous> (C:\Program Files\nodejs\node_modules\npm\lib\utils\spawn.js:40:14)
14 verbose stack     at emitTwo (events.js:106:13)
14 verbose stack     at ChildProcess.emit (events.js:191:7)
14 verbose stack     at maybeClose (internal/child_process.js:886:16)
14 verbose stack     at Process.ChildProcess._handle.onexit (internal/child_process.js:226:5)
15 verbose pkgid language_practice_platform@0.3.0
16 verbose cwd C:\Users\Martin\Documents\GitHub\practice-as-a-service
17 error Windows_NT 10.0.14393
18 error argv "C:\\Program Files\\nodejs\\node.exe" "C:\\Program Files\\nodejs\\node_modules\\npm\\bin\\npm-cli.js" "run" "coveralls"
19 error node v6.10.3
20 error npm  v3.10.10
21 error code ELIFECYCLE
22 error language_practice_platform@0.3.0 coveralls: `type ./coverage/lcov.info | ./node_modules/.bin/coveralls`
22 error Exit status 255
23 error Failed at the language_practice_platform@0.3.0 coveralls script 'type ./coverage/lcov.info | ./node_modules/.bin/coveralls'.
23 error Make sure you have the latest version of node.js and npm installed.
23 error If you do, this is most likely a problem with the language_practice_platform package,
23 error not with npm itself.
23 error Tell the author that this fails on your system:
23 error     type ./coverage/lcov.info | ./node_modules/.bin/coveralls
23 error You can get information on how to open an issue for this project with:
23 error     npm bugs language_practice_platform
23 error Or if that isn't available, you can get their info via:
23 error     npm owner ls language_practice_platform
23 error There is likely additional logging output above.
24 verbose exit [ 1, true ]
